


          SolidWorks Corporation - STEP Processor Error Log
          ______________________________________________________

                       STEP Post Processor
                       ___________________


STEP File Name: C:\Users\tomib\Desktop\Modelado 3D AEM\Placas y Componentes\ShieldKL25zG18.step


Las superficies se procesaron satisfactoriamente
para formar el sólido.
STEP: la importación se ha completado.Las superficies se procesaron satisfactoriamente
para formar el sólido.
STEP: la importación se ha completado.Las superficies se procesaron satisfactoriamente
para formar el sólido.
STEP: la importación se ha completado.Las superficies se procesaron satisfactoriamente
para formar el sólido.
STEP: la importación se ha completado.Las superficies se procesaron satisfactoriamente
para formar el sólido.
STEP: la importación se ha completado.Las superficies se procesaron satisfactoriamente
para formar el sólido.
STEP: la importación se ha completado.Las superficies se procesaron satisfactoriamente
para formar el sólido.
STEP: la importación se ha completado.Las superficies se procesaron satisfactoriamente
para formar el sólido.
STEP: la importación se ha completado.Las superficies se procesaron satisfactoriamente
para formar el sólido.
STEP: la importación se ha completado.Las superficies se procesaron satisfactoriamente
para formar el sólido.
STEP: la importación se ha completado.
Error: No se puede crear un sólido de superficies
recortadas.
STEP: la importación no se ha completado satisfactoriamente.
Las superficies se procesaron satisfactoriamente
para formar el sólido.
STEP: la importación se ha completado.Las superficies se procesaron satisfactoriamente
para formar el sólido.
STEP: la importación se ha completado.Las superficies se procesaron satisfactoriamente
para formar el sólido.
STEP: la importación se ha completado.Las superficies se procesaron satisfactoriamente
para formar el sólido.
STEP: la importación se ha completado.Las superficies se procesaron satisfactoriamente
para formar el sólido.
STEP: la importación se ha completado.Las superficies se procesaron satisfactoriamente
para formar el sólido.
STEP: la importación se ha completado.Las superficies se procesaron satisfactoriamente
para formar el sólido.
STEP: la importación se ha completado.Las superficies se procesaron satisfactoriamente
para formar el sólido.
STEP: la importación se ha completado.Las superficies se procesaron satisfactoriamente
para formar el sólido.
STEP: la importación se ha completado.Las superficies se procesaron satisfactoriamente
para formar el sólido.
STEP: la importación se ha completado.Las superficies se procesaron satisfactoriamente
para formar el sólido.
STEP: la importación se ha completado.Las superficies se procesaron satisfactoriamente
para formar el sólido.
STEP: la importación se ha completado.