Change Component Comment : Designator=BC547 Old Comment=NPN New Comment=BC547
Change Component Comment : Designator=U2 Old Comment= PC817S New Comment=PC817S
Change Component Comment : Designator=U3 Old Comment= PC817S New Comment=PC817S
Change Component Designator: OldDesignator=3V3.GND.CS.RST NewDesignator=J2
Change Component Designator: OldDesignator=12V MASA NewDesignator=J5
Change Component Designator: OldDesignator=7805 NewDesignator=U1
Change Component Designator: OldDesignator=BC547 NewDesignator=T1
Change Component Designator: OldDesignator=FC.GND.Y.GND.X NewDesignator=J4
Change Component Designator: OldDesignator=GND.3V3.VEL.4N NewDesignator=J3
Change Component Designator: OldDesignator=GND.5V.CNY.GND NewDesignator=J1
Change Component Designator: OldDesignator=TX NewDesignator=ARDUINO
Added Component: Designator=J?(SIP7)
Add component. Clean all parameters for all variants
Added Pin To Net: NetName=P1 Pin=J?-1
Added Pin To Net: NetName=P1 Pin=KL-26
Added Net: Name=P1
Added Pin To Net: NetName=P2 Pin=J?-2
Added Pin To Net: NetName=P2 Pin=KL-25
Added Net: Name=P2
Added Pin To Net: NetName=P3 Pin=J?-3
Added Pin To Net: NetName=P3 Pin=KL-4
Added Net: Name=P3
Added Pin To Net: NetName=P4 Pin=J?-4
Added Pin To Net: NetName=P4 Pin=KL-3
Added Net: Name=P4
Added Pin To Net: NetName=P5 Pin=J?-5
Added Net: Name=P5
Added Pin To Net: NetName=P6 Pin=J?-6
Added Pin To Net: NetName=P6 Pin=KL-5
Added Net: Name=P6
Added Pin To Net: NetName=P7 Pin=J?-7
Added Pin To Net: NetName=P7 Pin=KL-37
Added Net: Name=P7
Added Member To Class: ClassName=ShieldKL25zG18 Member=Component J? CON7
Added Member To Class: ClassName=ShieldKL25zG18 Member=Component KL KL25z
