Added Pin To Net: NetName=NetR3_2 Pin=U2-1
Added Pin To Net: NetName=GND Pin=U2-2
Added Pin To Net: NetName=GND_ARD Pin=U2-3
Added Pin To Net: NetName=STEP_Y1 Pin=U2-4
Added Pin To Net: NetName=NetR5_2 Pin=U3-1
Added Pin To Net: NetName=GND Pin=U3-2
Added Pin To Net: NetName=GND_ARD Pin=U3-3
Added Pin To Net: NetName=DIR_Y1 Pin=U3-4
Added Pin To Net: NetName=NetR7_2 Pin=U4-1
Added Pin To Net: NetName=GND Pin=U4-2
Added Pin To Net: NetName=GND_ARD Pin=U4-3
Added Pin To Net: NetName=STEP_X1 Pin=U4-4
Added Pin To Net: NetName=NetR9_2 Pin=U5-1
Added Pin To Net: NetName=GND Pin=U5-2
Added Pin To Net: NetName=GND_ARD Pin=U5-3
Added Pin To Net: NetName=DIR_X1 Pin=U5-4
Added Member To Class: ClassName=ShieldKL25zG18 Member=Component U2  PC817S
Added Member To Class: ClassName=ShieldKL25zG18 Member=Component U3  PC817S
Added Member To Class: ClassName=ShieldKL25zG18 Member=Component U4 PC817S
Added Member To Class: ClassName=ShieldKL25zG18 Member=Component U5 PC817S
