Removed Pin From Net: NetName=NetR3_2 Pin=OPTO-1
Removed Pin From Net: NetName=GND Pin=OPTO-2
Removed Pin From Net: NetName=GND Pin=OPTO-3
Removed Pin From Net: NetName=NetR5_2 Pin=OPTO-5
Removed Pin From Net: NetName=GND Pin=OPTO-6
Removed Pin From Net: NetName=GND Pin=OPTO-7
Removed Pin From Net: NetName=GND_ARD Pin=OPTO-9
Removed Pin From Net: NetName=DIR_X1 Pin=OPTO-10
Removed Pin From Net: NetName=STEP_X1 Pin=OPTO-11
Removed Pin From Net: NetName=GND_ARD Pin=OPTO-12
Removed Pin From Net: NetName=GND_ARD Pin=OPTO-13
Removed Pin From Net: NetName=DIR_Y1 Pin=OPTO-14
Removed Pin From Net: NetName=STEP_Y1 Pin=OPTO-15
Removed Pin From Net: NetName=GND_ARD Pin=OPTO-16
Removed Pin From Net: NetName=DIR_Y Pin=R4-1
Removed Pin From Net: NetName=STEP_X Pin=R5-1
Removed Pin From Net: NetName=DIR_X Pin=R6-1
Removed Pin From Net: NetName=STEP_Y1 Pin=R7-1
Removed Pin From Net: NetName=5V Pin=R7-2
Removed Pin From Net: NetName=DIR_Y1 Pin=R8-1
Removed Pin From Net: NetName=STEP_X1 Pin=R9-1
Removed Pin From Net: NetName=5V Pin=R9-2
Removed Member From Class: ClassName=ShieldKL25zG18 Member=OPTO
Change Component Comment : Designator=R7 Old Comment=10k New Comment=220
Change Component Comment : Designator=R9 Old Comment=10k New Comment=220
Change Component Comment : Designator=R4 Old Comment=220 New Comment=10k
Change Component Comment : Designator=R6 Old Comment=220 New Comment=10k
Change Component Designator: OldDesignator=12V MASA NewDesignator=J5
Change Component Designator: OldDesignator=7805 NewDesignator=U1
Change Component Designator: OldDesignator=CNY NewDesignator=J1
Change Component Designator: OldDesignator=FC NewDesignator=J4
Change Component Designator: OldDesignator=TFT NewDesignator=J2
Change Component Designator: OldDesignator=TRIAC NewDesignator=J3
Change Component Designator: OldDesignator=TX NewDesignator=ARDUINO
Added Component: Designator=U2(OPTO_SMD)
Add component. Clean all parameters for all variants
Added Component: Designator=U3(OPTO_SMD)
Add component. Clean all parameters for all variants
Added Component: Designator=U4(OPTO_SMD)
Add component. Clean all parameters for all variants
Added Component: Designator=U5(OPTO_SMD)
Add component. Clean all parameters for all variants
Added Pin To Net: NetName=STEP_Y1 Pin=R4-1
Added Pin To Net: NetName=5V Pin=R4-2
Added Pin To Net: NetName=DIR_Y Pin=R5-1
Added Pin To Net: NetName=DIR_Y1 Pin=R6-1
Added Pin To Net: NetName=5V Pin=R6-2
Added Pin To Net: NetName=STEP_X Pin=R7-1
Added Pin To Net: NetName=STEP_X1 Pin=R8-1
Added Pin To Net: NetName=DIR_X Pin=R9-1
Added Pin To Net: NetName=NetR3_2 Pin=U2-1
Added Pin To Net: NetName=GND Pin=U2-2
Added Pin To Net: NetName=GND_ARD Pin=U2-3
Added Pin To Net: NetName=STEP_Y1 Pin=U2-4
Added Pin To Net: NetName=NetR5_2 Pin=U3-1
Added Pin To Net: NetName=GND Pin=U3-2
Added Pin To Net: NetName=GND_ARD Pin=U3-3
Added Pin To Net: NetName=DIR_Y1 Pin=U3-4
Added Pin To Net: NetName=GND Pin=U4-2
Added Pin To Net: NetName=GND_ARD Pin=U4-3
Added Pin To Net: NetName=STEP_X1 Pin=U4-4
Added Pin To Net: NetName=GND Pin=U5-2
Added Pin To Net: NetName=GND_ARD Pin=U5-3
Added Pin To Net: NetName=DIR_X1 Pin=U5-4
Added Pin To Net: NetName=NetR7_2 Pin=R7-2
Added Pin To Net: NetName=NetR7_2 Pin=U4-1
Added Net: Name=NetR7_2
Added Pin To Net: NetName=NetR9_2 Pin=R9-2
Added Pin To Net: NetName=NetR9_2 Pin=U5-1
Added Net: Name=NetR9_2
Added Member To Class: ClassName=ShieldKL25zG18 Member=Component J4 FC
Added Member To Class: ClassName=ShieldKL25zG18 Member=Component U2  PC817S
Added Member To Class: ClassName=ShieldKL25zG18 Member=Component U3  PC817S
Added Member To Class: ClassName=ShieldKL25zG18 Member=Component U4 PC817S
Added Member To Class: ClassName=ShieldKL25zG18 Member=Component U5 PC817S
